2025-03-29 11:29:56,437 - Step 1: Loading dataset and Selecting features
2025-03-29 11:29:58,135 - Step 2: Standardizing features...
2025-03-29 11:29:58,182 - Step 3: Running Kmeans from 2 to 15 Clusters
2025-03-29 11:29:58,183 -   Running K-Means for k=2...
2025-03-29 11:30:15,864 -   Completed K=2 in 17.68 seconds
2025-03-29 11:30:15,864 -   Running K-Means for k=3...
2025-03-29 11:30:34,040 -   Completed K=3 in 18.18 seconds
2025-03-29 11:30:34,041 -   Running K-Means for k=4...
2025-03-29 11:30:53,267 -   Completed K=4 in 19.23 seconds
2025-03-29 11:30:53,268 -   Running K-Means for k=5...
2025-03-29 11:31:13,097 -   Completed K=5 in 19.83 seconds
2025-03-29 11:31:13,098 -   Running K-Means for k=6...
2025-03-29 11:31:33,259 -   Completed K=6 in 20.16 seconds
2025-03-29 11:31:33,260 -   Running K-Means for k=7...
2025-03-29 11:31:55,253 -   Completed K=7 in 21.99 seconds
2025-03-29 11:31:55,253 -   Running K-Means for k=8...
2025-03-29 11:32:17,607 -   Completed K=8 in 22.35 seconds
2025-03-29 11:32:17,607 -   Running K-Means for k=9...
2025-03-29 11:32:39,635 -   Completed K=9 in 22.03 seconds
2025-03-29 11:32:39,636 -   Running K-Means for k=10...
2025-03-29 11:33:04,140 -   Completed K=10 in 24.50 seconds
2025-03-29 11:33:04,140 -   Running K-Means for k=11...
2025-03-29 11:33:28,991 -   Completed K=11 in 24.85 seconds
2025-03-29 11:33:28,991 -   Running K-Means for k=12...
2025-03-29 11:33:55,405 -   Completed K=12 in 26.41 seconds
2025-03-29 11:33:55,405 - Step 4: Printing Clusters with WCSS & Plotting Elbow Curve
2025-03-29 11:34:04,508 - Step 5: Calculation of K-Means optimal K... with KneeLocator
2025-03-29 11:34:04,508 - Optimal (knee) number of clusters (k): 6
2025-03-29 11:34:04,509 - Step 6: Print Results
2025-03-29 11:34:04,514 - 
 k         WCSS  Silhouette Score  Calinski-Harabasz  Davies-Bouldin
 2 2.626882e+06           0.24792       199470.34671         1.55973
 3 2.271636e+06           0.25215       161204.99772         1.40906
 4 1.972269e+06           0.21385       153466.00478         1.49440
 5 1.785682e+06           0.18822       142451.80839         1.46844
 6 1.628629e+06           0.19166       136265.12509         1.38691
 7 1.535149e+06           0.18315       126422.82151         1.36276
 8 1.453162e+06           0.17504       119204.47238         1.39100
 9 1.389524e+06           0.16437       112439.28694         1.44248
10 1.329532e+06           0.16646       107396.86878         1.41555
11 1.281594e+06           0.16435       102466.93385         1.41368
12 1.236638e+06           0.16422        98476.91989         1.47293
2025-03-29 11:34:04,516 - All steps completed!
