2025-03-29 14:19:21,976 - Clusters Information
2025-03-29 14:19:22,336 - Cluster Sizes:
mood
0    161102
1    250387
2    175183
2025-03-29 14:19:22,341 - Cluster Feature Averages:
      valence   energy  danceability    tempo  loudness
mood                                                   
0    -0.23996  0.60767      -0.48611  0.89372   0.54848
1     0.70200  0.37953       0.73821 -0.23005   0.34701
2    -0.78269 -1.10128      -0.60808 -0.49308  -1.00037
2025-03-29 14:19:22,342 - Clusters Information completed in 0.37 seconds 


2025-03-29 14:19:22,344 - Evaluating Random Forest on test data
2025-03-29 14:19:24,471 - Random Forest | Best Params: {'max_depth': 20, 'max_features': 'sqrt', 'min_samples_leaf': 1, 'min_samples_split': 2, 'n_estimators': 100}
2025-03-29 14:19:24,471 - Random Forest | Best Grid Accuracy: 0.98670
2025-03-29 14:19:24,471 - Random Forest | Test Accuracy: 0.98851
2025-03-29 14:19:24,496 - Classification Report:
              precision    recall  f1-score   support

           0       0.99      0.99      0.99     32220
           1       0.99      0.99      0.99     50078
           2       0.99      0.99      0.99     35037

    accuracy                           0.99    117335
   macro avg       0.99      0.99      0.99    117335
weighted avg       0.99      0.99      0.99    117335

2025-03-29 14:19:24,500 - Confusion Matrix:
        Pred 0  Pred 1  Pred 2
True 0   31777     275     168
True 1     283   49566     229
True 2     166     227   34644
2025-03-29 14:19:24,501 - Random Forest evaluation completed in 2.16 seconds 


2025-03-29 14:19:24,529 - Evaluating KNN on test data
2025-03-29 14:19:32,183 - KNN | Best Params: {'n_neighbors': 9, 'p': 2, 'weights': 'distance'}
2025-03-29 14:19:32,184 - KNN | Best Grid Accuracy: 0.98530
2025-03-29 14:19:32,184 - KNN | Test Accuracy: 0.98595
2025-03-29 14:19:32,206 - Classification Report:
              precision    recall  f1-score   support

           0       0.98      0.98      0.98     32220
           1       0.99      0.99      0.99     50078
           2       0.99      0.99      0.99     35037

    accuracy                           0.99    117335
   macro avg       0.99      0.99      0.99    117335
weighted avg       0.99      0.99      0.99    117335

2025-03-29 14:19:32,211 - Confusion Matrix:
        Pred 0  Pred 1  Pred 2
True 0   31587     434     199
True 1     340   49502     236
True 2     201     238   34598
2025-03-29 14:19:32,211 - KNN evaluation completed in 7.68 seconds 


2025-03-29 14:19:32,218 - Evaluating Logistic Regression on test data
2025-03-29 14:19:32,233 - Logistic Regression | Best Params: {'C': 10, 'penalty': 'l2', 'solver': 'lbfgs'}
2025-03-29 14:19:32,234 - Logistic Regression | Best Grid Accuracy: 0.99979
2025-03-29 14:19:32,234 - Logistic Regression | Test Accuracy: 0.99990
2025-03-29 14:19:32,258 - Classification Report:
              precision    recall  f1-score   support

           0       1.00      1.00      1.00     32220
           1       1.00      1.00      1.00     50078
           2       1.00      1.00      1.00     35037

    accuracy                           1.00    117335
   macro avg       1.00      1.00      1.00    117335
weighted avg       1.00      1.00      1.00    117335

2025-03-29 14:19:32,262 - Confusion Matrix:
        Pred 0  Pred 1  Pred 2
True 0   32217       2       1
True 1       1   50072       5
True 2       1       2   35034
2025-03-29 14:19:32,263 - Logistic Regression evaluation completed in 0.05 seconds 


2025-03-29 14:19:32,264 - Evaluating SVC on test data
2025-03-29 14:19:38,150 - SVC | Best Params: {'C': 10, 'kernel': 'linear'}
2025-03-29 14:19:38,151 - SVC | Best Grid Accuracy: 0.99975
2025-03-29 14:19:38,152 - SVC | Test Accuracy: 0.99986
2025-03-29 14:19:38,176 - Classification Report:
              precision    recall  f1-score   support

           0       1.00      1.00      1.00     32220
           1       1.00      1.00      1.00     50078
           2       1.00      1.00      1.00     35037

    accuracy                           1.00    117335
   macro avg       1.00      1.00      1.00    117335
weighted avg       1.00      1.00      1.00    117335

2025-03-29 14:19:38,180 - Confusion Matrix:
        Pred 0  Pred 1  Pred 2
True 0   32217       2       1
True 1       0   50071       7
True 2       5       1   35031
2025-03-29 14:19:38,181 - SVC evaluation completed in 5.92 seconds 


2025-03-29 14:19:38,183 - Evaluating Hist Gradient Boost on test data
2025-03-29 14:19:40,408 - Hist Gradient Boost | Best Params: {'learning_rate': 0.1, 'max_depth': 5, 'max_iter': 200}
2025-03-29 14:19:40,409 - Hist Gradient Boost | Best Grid Accuracy: 0.99206
2025-03-29 14:19:40,409 - Hist Gradient Boost | Test Accuracy: 0.99328
2025-03-29 14:19:40,433 - Classification Report:
              precision    recall  f1-score   support

           0       0.99      0.99      0.99     32220
           1       0.99      0.99      0.99     50078
           2       0.99      0.99      0.99     35037

    accuracy                           0.99    117335
   macro avg       0.99      0.99      0.99    117335
weighted avg       0.99      0.99      0.99    117335

2025-03-29 14:19:40,439 - Confusion Matrix:
        Pred 0  Pred 1  Pred 2
True 0   31918     205      97
True 1     160   49812     106
True 2      96     125   34816
2025-03-29 14:19:40,440 - Hist Gradient Boost evaluation completed in 2.26 seconds 


2025-03-29 14:19:40,443 - Evaluating XGBoost on test data
2025-03-29 14:19:40,781 - XGBoost | Best Params: {'learning_rate': 0.1, 'max_depth': 5, 'n_estimators': 200}
2025-03-29 14:19:40,781 - XGBoost | Best Grid Accuracy: 0.99076
2025-03-29 14:19:40,781 - XGBoost | Test Accuracy: 0.99133
2025-03-29 14:19:40,810 - Classification Report:
              precision    recall  f1-score   support

           0       0.99      0.99      0.99     32220
           1       0.99      0.99      0.99     50078
           2       0.99      0.99      0.99     35037

    accuracy                           0.99    117335
   macro avg       0.99      0.99      0.99    117335
weighted avg       0.99      0.99      0.99    117335

2025-03-29 14:19:40,814 - Confusion Matrix:
        Pred 0  Pred 1  Pred 2
True 0   31796     300     124
True 1     190   49754     134
True 2     121     148   34768
2025-03-29 14:19:40,815 - XGBoost evaluation completed in 0.37 seconds 


2025-03-29 14:19:40,821 - 
Model Evaluation Summary:
              Model  Best Grid Accuracy  Test Accuracy
      Random Forest             0.98670        0.98851
                KNN             0.98530        0.98595
Logistic Regression             0.99979        0.99990
                SVC             0.99975        0.99986
Hist Gradient Boost             0.99206        0.99328
            XGBoost             0.99076        0.99133

