2025-03-29 12:38:11,964 - Clean and Normalize Dataset
2025-03-29 12:38:13,823 - Scaler saved to: ./DataProduced/scaler.pkl
2025-03-29 12:38:13,823 - Scaled data saved to: ./DataProduced/data_scaled.pkl
2025-03-29 12:38:13,824 - Completed in 1.86 seconds


2025-03-29 12:38:13,828 - K-means Training (Get Clusters)
2025-03-29 12:38:15,668 - Model saved to: ./DataProduced/model_kmeans.pkl
2025-03-29 12:38:15,669 - Scaled labeled data saved to: ./DataProduced/data_scaled_labeled.pkl
2025-03-29 12:38:15,669 - Completed in 1.84 seconds


2025-03-29 12:38:15,671 - Splitting and saving train/test data
2025-03-29 12:38:15,925 - Train data saved to: ./DataProduced/data_train.pkl
2025-03-29 12:38:15,926 - Test data saved to: ./DataProduced/data_test.pkl
2025-03-29 12:38:15,926 - Completed in 0.26 seconds


2025-03-29 12:38:15,931 - Random Forest Model Training
2025-03-29 12:44:25,148 - Model saved to: ./DataProduced/model_random_forest.pkl
2025-03-29 12:44:25,148 - Grid saved to: ./DataProduced/grid_random_forest.pkl
2025-03-29 12:44:25,149 - Completed in 369.22 seconds


2025-03-29 12:44:25,165 - KNN Model Training
2025-03-29 12:45:28,875 - Model saved to: ./DataProduced/model_knn.pkl
2025-03-29 12:45:28,875 - Grid saved to: ./DataProduced/grid_knn.pkl
2025-03-29 12:45:28,875 - Completed in 63.71 seconds


2025-03-29 12:45:28,882 - Logistic Regression Model Training
2025-03-29 12:45:34,004 - Model saved to: ./DataProduced/model_logistic_regression.pkl
2025-03-29 12:45:34,005 - Grid saved to: ./DataProduced/grid_logistic_regression.pkl
2025-03-29 12:45:34,005 - Completed in 5.12 seconds


2025-03-29 12:45:34,007 - SVC Model Training
2025-03-29 12:49:27,545 - Model saved to: ./DataProduced/model_svc.pkl
2025-03-29 12:49:27,546 - Grid saved to: ./DataProduced/grid_svc.pkl
2025-03-29 12:49:27,546 - Completed in 233.54 seconds


2025-03-29 12:49:27,548 - Hist Gradient Boosting Model Training
2025-03-29 12:51:52,958 - Model saved to: ./DataProduced/model_hist_gradient_boost.pkl
2025-03-29 12:51:52,958 - Grid saved to: ./DataProduced/grid_hist_gradient_boost.pkl
2025-03-29 12:51:52,959 - Completed in 145.41 seconds


2025-03-29 12:51:52,963 - XGBoost Model Training
2025-03-29 12:53:30,124 - Model saved to: ./DataProduced/model_xgboost.pkl
2025-03-29 12:53:30,125 - Grid saved to: ./DataProduced/grid_xgboost.pkl
2025-03-29 12:53:30,125 - Completed in 97.16 seconds


