2025-03-28 11:26:21,983 - Clean and Normalize Dataset
2025-03-28 11:26:23,880 - Scaler saved to: ./DataProduced/scaler.pkl
2025-03-28 11:26:23,880 - Scaled data saved to: ./DataProduced/data_scaled.pkl
2025-03-28 11:26:23,880 - Completed in 1.90 seconds


2025-03-28 11:26:23,885 - K-means Training (Get Clusters)
2025-03-28 11:26:27,265 - Model saved to: ./DataProduced/model_kmeans.pkl
2025-03-28 11:26:27,266 - Scaled labeled data saved to: ./DataProduced/data_scaled_labeled.pkl
2025-03-28 11:26:27,266 - Completed in 3.38 seconds


2025-03-28 11:26:27,268 - Splitting and saving train/test data
2025-03-28 11:26:27,548 - Train data saved to: ./DataProduced/data_train.pkl
2025-03-28 11:26:27,548 - Test data saved to: ./DataProduced/data_test.pkl
2025-03-28 11:26:27,549 - Completed in 0.28 seconds


2025-03-28 11:26:27,557 - Random Forest Model Training
2025-03-28 11:37:26,877 - Model saved to: ./DataProduced/model_random_forest.pkl
2025-03-28 11:37:26,877 - Grid saved to: ./DataProduced/grid_random_forest.pkl
2025-03-28 11:37:26,878 - Completed in 659.32 seconds


2025-03-28 11:37:26,898 - KNN Model Training
2025-03-28 11:44:45,390 - Model saved to: ./DataProduced/model_knn.pkl
2025-03-28 11:44:45,391 - Grid saved to: ./DataProduced/grid_knn.pkl
2025-03-28 11:44:45,391 - Completed in 438.49 seconds


2025-03-28 11:44:45,396 - Logistic Regression Model Training
2025-03-28 11:45:01,011 - Model saved to: ./DataProduced/model_logistic_regression.pkl
2025-03-28 11:45:01,011 - Grid saved to: ./DataProduced/grid_logistic_regression.pkl
2025-03-28 11:45:01,012 - Completed in 15.62 seconds


2025-03-28 11:45:01,014 - SVC Model Training
2025-03-28 11:51:02,319 - Model saved to: ./DataProduced/model_svc.pkl
2025-03-28 11:51:02,319 - Grid saved to: ./DataProduced/grid_svc.pkl
2025-03-28 11:51:02,320 - Completed in 361.31 seconds


2025-03-28 11:51:02,322 - Hist Gradient Boosting Model Training
2025-03-28 11:55:59,805 - Model saved to: ./DataProduced/model_hist_gradient_boost.pkl
2025-03-28 11:55:59,806 - Grid saved to: ./DataProduced/grid_hist_gradient_boost.pkl
2025-03-28 11:55:59,806 - Completed in 297.48 seconds


2025-03-28 11:55:59,810 - XGBoost Model Training
2025-03-28 11:59:29,154 - Model saved to: ./DataProduced/model_xgboost.pkl
2025-03-28 11:59:29,154 - Grid saved to: ./DataProduced/grid_xgboost.pkl
2025-03-28 11:59:29,155 - Completed in 209.34 seconds


