2025-03-29 12:33:35,215 - Step 1: Loading dataset and Selecting features
2025-03-29 12:33:36,964 - Step 2: Standardizing features...
2025-03-29 12:33:37,003 - Step 3: Running Kmeans from 2 to 15 Clusters
2025-03-29 12:33:37,004 -   Running K-Means for k=2...
2025-03-29 12:33:54,627 -   Completed K=2 in 17.62 seconds
2025-03-29 12:33:54,628 -   Running K-Means for k=3...
2025-03-29 12:34:12,249 -   Completed K=3 in 17.62 seconds
2025-03-29 12:34:12,249 -   Running K-Means for k=4...
2025-03-29 12:34:29,867 -   Completed K=4 in 17.62 seconds
2025-03-29 12:34:29,875 -   Running K-Means for k=5...
2025-03-29 12:34:47,710 -   Completed K=5 in 17.84 seconds
2025-03-29 12:34:47,710 -   Running K-Means for k=6...
2025-03-29 12:35:06,681 -   Completed K=6 in 18.97 seconds
2025-03-29 12:35:06,682 -   Running K-Means for k=7...
2025-03-29 12:35:26,693 -   Completed K=7 in 20.01 seconds
2025-03-29 12:35:26,694 -   Running K-Means for k=8...
2025-03-29 12:35:49,253 -   Completed K=8 in 22.56 seconds
2025-03-29 12:35:49,254 -   Running K-Means for k=9...
2025-03-29 12:36:10,344 -   Completed K=9 in 21.09 seconds
2025-03-29 12:36:10,345 - Step 4: Printing Clusters with WCSS & Plotting Elbow Curve
2025-03-29 12:36:16,816 - Step 5: Calculation of K-Means optimal K... with KneeLocator
2025-03-29 12:36:16,817 - Optimal (knee) number of clusters (k): 5
2025-03-29 12:36:16,817 - Step 6: Print Results
2025-03-29 12:36:16,821 - 
 k         WCSS  Silhouette Score  Calinski-Harabasz  Davies-Bouldin
 2 2.041038e+06           0.28427       256487.18170         1.39106
 3 1.707615e+06           0.22988       210560.10769         1.49232
 4 1.508801e+06           0.20406       184638.70857         1.44170
 5 1.339246e+06           0.20970       174579.72196         1.35268
 6 1.240260e+06           0.20172       160174.52651         1.30243
 7 1.152987e+06           0.19540       150982.94120         1.32451
 8 1.085812e+06           0.18308       142605.37853         1.36721
 9 1.022329e+06           0.18746       137081.28168         1.32243
2025-03-29 12:36:16,822 - All steps completed!
