2025-03-28 13:02:14,891 - Step 1: Loading dataset and Selecting features
2025-03-28 13:02:16,538 - Step 2: Standardizing features...
2025-03-28 13:02:16,606 - Step 3: Running Kmeans from 2 to 15 Clusters
2025-03-28 13:02:16,607 -   Running K-Means for k=2...
2025-03-28 13:02:34,279 -   Completed K=2 in 17.67 seconds
2025-03-28 13:02:34,279 -   Running K-Means for k=3...
2025-03-28 13:02:52,341 -   Completed K=3 in 18.06 seconds
2025-03-28 13:02:52,341 -   Running K-Means for k=4...
2025-03-28 13:03:11,129 -   Completed K=4 in 18.79 seconds
2025-03-28 13:03:11,130 -   Running K-Means for k=5...
2025-03-28 13:03:30,881 -   Completed K=5 in 19.75 seconds
2025-03-28 13:03:30,881 -   Running K-Means for k=6...
2025-03-28 13:03:51,269 -   Completed K=6 in 20.39 seconds
2025-03-28 13:03:51,269 -   Running K-Means for k=7...
2025-03-28 13:04:11,865 -   Completed K=7 in 20.60 seconds
2025-03-28 13:04:11,866 -   Running K-Means for k=8...
2025-03-28 13:04:33,947 -   Completed K=8 in 22.08 seconds
2025-03-28 13:04:33,948 -   Running K-Means for k=9...
2025-03-28 13:04:56,668 -   Completed K=9 in 22.72 seconds
2025-03-28 13:04:56,669 -   Running K-Means for k=10...
2025-03-28 13:05:24,626 -   Completed K=10 in 27.96 seconds
2025-03-28 13:05:24,627 -   Running K-Means for k=11...
2025-03-28 13:05:51,136 -   Completed K=11 in 26.51 seconds
2025-03-28 13:05:51,137 -   Running K-Means for k=12...
2025-03-28 13:06:17,339 -   Completed K=12 in 26.20 seconds
2025-03-28 13:06:17,340 -   Running K-Means for k=13...
2025-03-28 13:06:45,851 -   Completed K=13 in 28.51 seconds
2025-03-28 13:06:45,852 -   Running K-Means for k=14...
2025-03-28 13:07:17,759 -   Completed K=14 in 31.91 seconds
2025-03-28 13:07:17,760 -   Running K-Means for k=15...
2025-03-28 13:07:48,083 -   Completed K=15 in 30.32 seconds
2025-03-28 13:07:48,083 - Step 4: Printing Clusters with WCSS & Plotting Elbow Curve
2025-03-28 13:07:52,226 - Step 5: Calculation of K-Means optimal K... with KneeLocator
2025-03-28 13:07:52,227 - Optimal (knee) number of clusters (k): 6
2025-03-28 13:07:52,227 - Step 6: Print Results
2025-03-28 13:07:52,233 - 
 k         WCSS  Silhouette Score  Calinski-Harabasz  Davies-Bouldin
 2 4.116154e+06           0.23613       165888.52207         1.74312
 3 3.567863e+06           0.25561       140768.63272         1.39658
 4 3.181972e+06           0.22346       128942.53224         1.43783
 5 2.865564e+06           0.19194       123579.67205         1.58781
 6 2.624449e+06           0.19560       118726.21159         1.50855
 7 2.465112e+06           0.19705       111653.36324         1.42883
 8 2.314192e+06           0.17832       107409.65690         1.46762
 9 2.183229e+06           0.17767       104019.85710         1.42066
10 2.097421e+06           0.17263        98911.43160         1.41747
11 2.022829e+06           0.17541        94466.13627         1.44258
12 1.963434e+06           0.17170        90089.41460         1.46886
13 1.913889e+06           0.15963        85985.23688         1.50019
14 1.870149e+06           0.15859        82282.77876         1.58100
15 1.826207e+06           0.15135        79251.97318         1.59201
2025-03-28 13:07:52,235 - All steps completed!
