2025-03-29 10:40:09,706 - Clusters Information
2025-03-29 10:40:10,948 - Cluster Sizes:
mood
0    360261
1    199534
2     26877
2025-03-29 10:40:10,953 - Cluster Feature Averages:
      danceability   energy  loudness  speechiness  acousticness  instrumentalness  valence    tempo
mood                                                                                                
0          0.29376  0.60272   0.50509     -0.15155      -0.56116          -0.19899  0.33755  0.19528
1         -0.61437 -1.01156  -0.77630     -0.28318       0.94133           0.41286 -0.61627 -0.27995
2          0.62351 -0.56917  -1.00705      4.13380       0.53340          -0.39777  0.05068 -0.53919
2025-03-29 10:40:10,954 - Clusters Information completed in 1.25 seconds 


2025-03-29 10:40:10,956 - Evaluating Random Forest on test data
2025-03-29 10:40:12,790 - Random Forest | Best Params: {'max_depth': 20, 'max_features': 'sqrt', 'min_samples_leaf': 1, 'min_samples_split': 2, 'n_estimators': 100}
2025-03-29 10:40:12,790 - Random Forest | Best Grid Accuracy: 0.98637
2025-03-29 10:40:12,790 - Random Forest | Test Accuracy: 0.98760
2025-03-29 10:40:12,814 - Classification Report:
              precision    recall  f1-score   support

           0       0.99      0.99      0.99     72053
           1       0.98      0.98      0.98     39907
           2       0.99      0.98      0.99      5375

    accuracy                           0.99    117335
   macro avg       0.99      0.99      0.99    117335
weighted avg       0.99      0.99      0.99    117335

2025-03-29 10:40:12,818 - Confusion Matrix:
        Pred 0  Pred 1  Pred 2
True 0   71456     570      27
True 1     752   39140      15
True 2      57      34    5284
2025-03-29 10:40:12,819 - Random Forest evaluation completed in 1.86 seconds 


2025-03-29 10:40:12,843 - Evaluating KNN on test data
2025-03-29 10:40:50,263 - KNN | Best Params: {'n_neighbors': 9, 'p': 2, 'weights': 'distance'}
2025-03-29 10:40:50,263 - KNN | Best Grid Accuracy: 0.98795
2025-03-29 10:40:50,264 - KNN | Test Accuracy: 0.98881
2025-03-29 10:40:50,284 - Classification Report:
              precision    recall  f1-score   support

           0       0.99      0.99      0.99     72053
           1       0.99      0.98      0.98     39907
           2       0.99      0.97      0.98      5375

    accuracy                           0.99    117335
   macro avg       0.99      0.98      0.99    117335
weighted avg       0.99      0.99      0.99    117335

2025-03-29 10:40:50,288 - Confusion Matrix:
        Pred 0  Pred 1  Pred 2
True 0   71550     491      12
True 1     638   39241      28
True 2      98      46    5231
2025-03-29 10:40:50,289 - KNN evaluation completed in 37.45 seconds 


2025-03-29 10:40:50,297 - Evaluating Logistic Regression on test data
2025-03-29 10:40:50,334 - Logistic Regression | Best Params: {'C': 10, 'penalty': 'l2', 'solver': 'lbfgs'}
2025-03-29 10:40:50,335 - Logistic Regression | Best Grid Accuracy: 0.99967
2025-03-29 10:40:50,336 - Logistic Regression | Test Accuracy: 0.99966
2025-03-29 10:40:50,356 - Classification Report:
              precision    recall  f1-score   support

           0       1.00      1.00      1.00     72053
           1       1.00      1.00      1.00     39907
           2       1.00      1.00      1.00      5375

    accuracy                           1.00    117335
   macro avg       1.00      1.00      1.00    117335
weighted avg       1.00      1.00      1.00    117335

2025-03-29 10:40:50,360 - Confusion Matrix:
        Pred 0  Pred 1  Pred 2
True 0   72049       1       3
True 1      20   39883       4
True 2       6       6    5363
2025-03-29 10:40:50,360 - Logistic Regression evaluation completed in 0.06 seconds 


2025-03-29 10:40:50,361 - Evaluating SVC on test data
2025-03-29 10:40:53,218 - SVC | Best Params: {'C': 10, 'kernel': 'linear'}
2025-03-29 10:40:53,219 - SVC | Best Grid Accuracy: 0.99981
2025-03-29 10:40:53,219 - SVC | Test Accuracy: 0.99984
2025-03-29 10:40:53,241 - Classification Report:
              precision    recall  f1-score   support

           0       1.00      1.00      1.00     72053
           1       1.00      1.00      1.00     39907
           2       1.00      1.00      1.00      5375

    accuracy                           1.00    117335
   macro avg       1.00      1.00      1.00    117335
weighted avg       1.00      1.00      1.00    117335

2025-03-29 10:40:53,245 - Confusion Matrix:
        Pred 0  Pred 1  Pred 2
True 0   72047       6       0
True 1       6   39900       1
True 2       5       1    5369
2025-03-29 10:40:53,246 - SVC evaluation completed in 2.88 seconds 


2025-03-29 10:40:53,248 - Evaluating Hist Gradient Boost on test data
2025-03-29 10:40:55,334 - Hist Gradient Boost | Best Params: {'learning_rate': 0.1, 'max_depth': 5, 'max_iter': 200}
2025-03-29 10:40:55,335 - Hist Gradient Boost | Best Grid Accuracy: 0.99422
2025-03-29 10:40:55,335 - Hist Gradient Boost | Test Accuracy: 0.99477
2025-03-29 10:40:55,355 - Classification Report:
              precision    recall  f1-score   support

           0       1.00      1.00      1.00     72053
           1       0.99      0.99      0.99     39907
           2       0.99      0.99      0.99      5375

    accuracy                           0.99    117335
   macro avg       0.99      0.99      0.99    117335
weighted avg       0.99      0.99      0.99    117335

2025-03-29 10:40:55,359 - Confusion Matrix:
        Pred 0  Pred 1  Pred 2
True 0   71792     233      28
True 1     275   39617      15
True 2      39      24    5312
2025-03-29 10:40:55,359 - Hist Gradient Boost evaluation completed in 2.11 seconds 


2025-03-29 10:40:55,361 - Evaluating XGBoost on test data
2025-03-29 10:40:55,711 - XGBoost | Best Params: {'learning_rate': 0.1, 'max_depth': 5, 'n_estimators': 200}
2025-03-29 10:40:55,712 - XGBoost | Best Grid Accuracy: 0.99335
2025-03-29 10:40:55,712 - XGBoost | Test Accuracy: 0.99355
2025-03-29 10:40:55,738 - Classification Report:
              precision    recall  f1-score   support

           0       0.99      1.00      1.00     72053
           1       0.99      0.99      0.99     39907
           2       0.99      0.99      0.99      5375

    accuracy                           0.99    117335
   macro avg       0.99      0.99      0.99    117335
weighted avg       0.99      0.99      0.99    117335

2025-03-29 10:40:55,743 - Confusion Matrix:
        Pred 0  Pred 1  Pred 2
True 0   71732     280      41
True 1     349   39541      17
True 2      44      26    5305
2025-03-29 10:40:55,743 - XGBoost evaluation completed in 0.38 seconds 


2025-03-29 10:40:55,750 - 
Model Evaluation Summary:
              Model  Best Grid Accuracy  Test Accuracy
      Random Forest             0.98637        0.98760
                KNN             0.98795        0.98881
Logistic Regression             0.99967        0.99966
                SVC             0.99981        0.99984
Hist Gradient Boost             0.99422        0.99477
            XGBoost             0.99335        0.99355

